<?xml version="1.0" encoding="UTF-8"?>
<!-- Generated by org.testng.reporters.JUnitXMLReporter -->
<testsuite ignored="0" hostname="LAPTOP-5KMFOFH9" failures="0" tests="3" name="Default test" time="20.027" errors="0" timestamp="2023-01-14T19:53:46 IST">
  <testcase classname="com.SwagLabs.Test.OrderDescriptionPageTest" name="verifyCurrentUrl" time="0.011"/>
  <testcase classname="com.SwagLabs.Test.OrderDescriptionPageTest" name="verifyTitle" time="0.012"/>
  <testcase classname="com.SwagLabs.Test.OrderDescriptionPageTest" name="verifyOrder" time="0.141"/>
</testsuite> <!-- Default test -->
