<?xml version="1.0" encoding="UTF-8"?>
<!-- Generated by org.testng.reporters.JUnitXMLReporter -->
<testsuite ignored="0" hostname="LAPTOP-5KMFOFH9" failures="0" tests="3" name="Test" time="41.274" errors="0" timestamp="2023-01-17T20:35:35 IST">
  <testcase classname="com.SwagLabs.Test.OrderDescriptionPageTest" name="verifyCurrentUrl" time="0.011"/>
  <testcase classname="com.SwagLabs.Test.OrderDescriptionPageTest" name="verifyTitle" time="0.008"/>
  <testcase classname="com.SwagLabs.Test.OrderDescriptionPageTest" name="verifyOrder" time="0.099"/>
</testsuite> <!-- Test -->
