<?xml version="1.0" encoding="UTF-8"?>
<!-- Generated by org.testng.reporters.JUnitXMLReporter -->
<testsuite ignored="0" hostname="LAPTOP-5KMFOFH9" failures="0" tests="3" name="Test" time="20.865" errors="0" timestamp="2023-01-21T19:24:09 IST">
  <testcase classname="com.SwagLabs.Test.OrderDescriptionPageTest" name="verifyCurrentUrl" time="0.011"/>
  <testcase classname="com.SwagLabs.Test.OrderDescriptionPageTest" name="verifyTitle" time="0.014"/>
  <testcase classname="com.SwagLabs.Test.OrderDescriptionPageTest" name="verifyOrder" time="0.174"/>
</testsuite> <!-- Test -->
