<?xml version="1.0" encoding="UTF-8"?>
<testng-results ignored="0" total="3" passed="3" failed="0" skipped="0">
  <reporter-output>
  </reporter-output>
  <suite started-at="2023-01-21T19:23:49 IST" name="Suite" finished-at="2023-01-21T19:24:09 IST" duration-ms="20865">
    <groups>
    </groups>
    <test started-at="2023-01-21T19:23:49 IST" name="Test" finished-at="2023-01-21T19:24:09 IST" duration-ms="20865">
      <class name="com.SwagLabs.Test.OrderDescriptionPageTest">
        <test-method is-config="true" signature="setUp()[pri:0, instance:com.SwagLabs.Test.OrderDescriptionPageTest@72f926e6]" started-at="2023-01-21T19:23:49 IST" name="setUp" finished-at="2023-01-21T19:23:57 IST" duration-ms="8203" status="PASS">
          <reporter-output>
          </reporter-output>
        </test-method> <!-- setUp -->
        <test-method is-config="true" signature="pageSetUp()[pri:0, instance:com.SwagLabs.Test.OrderDescriptionPageTest@72f926e6]" started-at="2023-01-21T19:23:57 IST" name="pageSetUp" finished-at="2023-01-21T19:24:09 IST" duration-ms="12409" status="PASS">
          <reporter-output>
          </reporter-output>
        </test-method> <!-- pageSetUp -->
        <test-method signature="verifyCurrentUrl()[pri:1, instance:com.SwagLabs.Test.OrderDescriptionPageTest@72f926e6]" started-at="2023-01-21T19:24:09 IST" name="verifyCurrentUrl" finished-at="2023-01-21T19:24:09 IST" duration-ms="11" status="PASS">
          <reporter-output>
          </reporter-output>
        </test-method> <!-- verifyCurrentUrl -->
        <test-method signature="verifyTitle()[pri:2, instance:com.SwagLabs.Test.OrderDescriptionPageTest@72f926e6]" started-at="2023-01-21T19:24:09 IST" name="verifyTitle" finished-at="2023-01-21T19:24:09 IST" duration-ms="14" status="PASS">
          <reporter-output>
          </reporter-output>
        </test-method> <!-- verifyTitle -->
        <test-method signature="verifyOrder()[pri:3, instance:com.SwagLabs.Test.OrderDescriptionPageTest@72f926e6]" started-at="2023-01-21T19:24:09 IST" name="verifyOrder" finished-at="2023-01-21T19:24:09 IST" duration-ms="174" status="PASS">
          <reporter-output>
          </reporter-output>
        </test-method> <!-- verifyOrder -->
      </class> <!-- com.SwagLabs.Test.OrderDescriptionPageTest -->
    </test> <!-- Test -->
  </suite> <!-- Suite -->
</testng-results>
