<?xml version="1.0" encoding="UTF-8"?>
<testsuite xmlns:xsi="http://www.w3.org/2001/XMLSchema-instance" xsi:noNamespaceSchemaLocation="https://maven.apache.org/surefire/maven-surefire-plugin/xsd/surefire-test-report-3.0.xsd" version="3.0" name="TestSuite" time="21.666" tests="3" errors="0" skipped="0" failures="0">
  <properties>
[...]
</properties>
  <testcase name="verifyCurrentUrl" classname="com.SwagLabs.Test.OrderDescriptionPageTest" time="0.013">
    <system-out><![CDATA[Product added to cart
First name , Last name and Zip code has Entered!
Url is correct!
]]></system-out>
    <system-err><![CDATA[SLF4J: Failed to load class "org.slf4j.impl.StaticLoggerBinder".
SLF4J: Defaulting to no-operation (NOP) logger implementation
SLF4J: See http://www.slf4j.org/codes.html#StaticLoggerBinder for further details.
ERROR StatusLogger Log4j2 could not find a logging implementation. Please add log4j-core to the classpath. Using SimpleLogger to log to the console...
Starting Microsoft Edge WebDriver 109.0.1518.61 (354b36f96babfabf4b1ee8754f550d1b74ae0d14) on port 40739
To submit feedback, report a bug, or suggest new features, please visit https://github.com/MicrosoftEdge/EdgeWebDriver

Only local connections are allowed.
Please see https://aka.ms/WebDriverSecurity for suggestions on keeping Microsoft Edge WebDriver safe.

Microsoft Edge WebDriver was started successfully.
Jan 21, 2023 7:23:54 PM org.openqa.selenium.devtools.CdpVersionFinder findNearestMatch
WARNING: Unable to find an exact match for CDP version 109, so returning the closest version found: 108
]]></system-err>
  </testcase>
  <testcase name="verifyTitle" classname="com.SwagLabs.Test.OrderDescriptionPageTest" time="0.015">
    <system-out><![CDATA[Title is matching
]]></system-out>
  </testcase>
  <testcase name="verifyOrder" classname="com.SwagLabs.Test.OrderDescriptionPageTest" time="0.173">
    <system-out><![CDATA[*******Product Overview***************
QTYDESCRIPTION
1
Sauce Labs Backpack
carry.allTheThings() with the sleek, streamlined Sly Pack that melds uncompromising style with unequaled laptop and tablet protection.
$29.99
Payment Information:
SauceCard #31337
Shipping Information:
FREE PONY EXPRESS DELIVERY!
Item total: $29.99
Tax: $2.40
Total: $32.39
CANCEL
FINISH
THANK YOU FOR YOUR ORDER
]]></system-out>
  </testcase>
</testsuite>